{"/home/josh/Code/thesauce/client/App.js": {"path":"/home/josh/Code/thesauce/client/App.js","statementMap":{"0":{"start":{"line":7,"column":12},"end":{"line":30,"column":1}},"1":{"start":{"line":9,"column":2},"end":{"line":29,"column":3}}},"fnMap":{"0":{"name":"(anonymous_0)","decl":{"start":{"line":7,"column":12},"end":{"line":7,"column":13}},"loc":{"start":{"line":7,"column":18},"end":{"line":30,"column":1}},"line":7}},"branchMap":{},"s":{"0":1,"1":0},"f":{"0":0},"b":{},"_coverageSchema":"1a1c01bbd47fc00a2c39e90264f33305004495a9","hash":"c5b51909de956f0a2d791099fb9b7641f1f43812"}
,"/home/josh/Code/thesauce/client/sum.js": {"path":"/home/josh/Code/thesauce/client/sum.js","statementMap":{"0":{"start":{"line":2,"column":2},"end":{"line":2,"column":15}},"1":{"start":{"line":4,"column":0},"end":{"line":4,"column":21}}},"fnMap":{"0":{"name":"sum","decl":{"start":{"line":1,"column":9},"end":{"line":1,"column":12}},"loc":{"start":{"line":1,"column":19},"end":{"line":3,"column":1}},"line":1}},"branchMap":{},"s":{"0":1,"1":1},"f":{"0":1},"b":{},"_coverageSchema":"1a1c01bbd47fc00a2c39e90264f33305004495a9","hash":"42997d634271004637b37ddc3465334aab292853"}
,"/home/josh/Code/thesauce/client/components/Signup.jsx": {"path":"/home/josh/Code/thesauce/client/components/Signup.jsx","statementMap":{"0":{"start":{"line":17,"column":36},"end":{"line":17,"column":51}},"1":{"start":{"line":18,"column":34},"end":{"line":18,"column":46}},"2":{"start":{"line":19,"column":20},"end":{"line":19,"column":33}},"3":{"start":{"line":20,"column":36},"end":{"line":20,"column":61}},"4":{"start":{"line":21,"column":34},"end":{"line":21,"column":58}},"5":{"start":{"line":22,"column":19},"end":{"line":22,"column":24}},"6":{"start":{"line":23,"column":18},"end":{"line":23,"column":23}},"7":{"start":{"line":25,"column":16},"end":{"line":25,"column":55}},"8":{"start":{"line":26,"column":17},"end":{"line":26,"column":64}},"9":{"start":{"line":26,"column":31},"end":{"line":26,"column":62}},"10":{"start":{"line":27,"column":22},"end":{"line":27,"column":53}},"11":{"start":{"line":27,"column":36},"end":{"line":27,"column":51}},"12":{"start":{"line":29,"column":23},"end":{"line":85,"column":3}},"13":{"start":{"line":30,"column":4},"end":{"line":30,"column":27}},"14":{"start":{"line":31,"column":4},"end":{"line":62,"column":8}},"15":{"start":{"line":33,"column":8},"end":{"line":61,"column":9}},"16":{"start":{"line":34,"column":10},"end":{"line":34,"column":30}},"17":{"start":{"line":35,"column":10},"end":{"line":35,"column":44}},"18":{"start":{"line":38,"column":10},"end":{"line":60,"column":41}},"19":{"start":{"line":58,"column":14},"end":{"line":58,"column":39}},"20":{"start":{"line":87,"column":2},"end":{"line":153,"column":3}},"21":{"start":{"line":93,"column":104},"end":{"line":93,"column":132}},"22":{"start":{"line":96,"column":101},"end":{"line":96,"column":128}},"23":{"start":{"line":103,"column":69},"end":{"line":103,"column":91}},"24":{"start":{"line":143,"column":70},"end":{"line":143,"column":94}}},"fnMap":{"0":{"name":"Signup","decl":{"start":{"line":16,"column":9},"end":{"line":16,"column":15}},"loc":{"start":{"line":16,"column":18},"end":{"line":154,"column":1}},"line":16},"1":{"name":"(anonymous_1)","decl":{"start":{"line":26,"column":17},"end":{"line":26,"column":18}},"loc":{"start":{"line":26,"column":29},"end":{"line":26,"column":64}},"line":26},"2":{"name":"(anonymous_2)","decl":{"start":{"line":27,"column":22},"end":{"line":27,"column":23}},"loc":{"start":{"line":27,"column":34},"end":{"line":27,"column":53}},"line":27},"3":{"name":"(anonymous_3)","decl":{"start":{"line":29,"column":23},"end":{"line":29,"column":24}},"loc":{"start":{"line":29,"column":34},"end":{"line":85,"column":3}},"line":29},"4":{"name":"(anonymous_4)","decl":{"start":{"line":32,"column":12},"end":{"line":32,"column":13}},"loc":{"start":{"line":32,"column":22},"end":{"line":62,"column":7}},"line":32},"5":{"name":"(anonymous_5)","decl":{"start":{"line":57,"column":18},"end":{"line":57,"column":19}},"loc":{"start":{"line":57,"column":28},"end":{"line":59,"column":13}},"line":57},"6":{"name":"(anonymous_6)","decl":{"start":{"line":93,"column":97},"end":{"line":93,"column":98}},"loc":{"start":{"line":93,"column":104},"end":{"line":93,"column":132}},"line":93},"7":{"name":"(anonymous_7)","decl":{"start":{"line":96,"column":94},"end":{"line":96,"column":95}},"loc":{"start":{"line":96,"column":101},"end":{"line":96,"column":128}},"line":96},"8":{"name":"(anonymous_8)","decl":{"start":{"line":103,"column":63},"end":{"line":103,"column":64}},"loc":{"start":{"line":103,"column":69},"end":{"line":103,"column":91}},"line":103},"9":{"name":"(anonymous_9)","decl":{"start":{"line":143,"column":64},"end":{"line":143,"column":65}},"loc":{"start":{"line":143,"column":70},"end":{"line":143,"column":94}},"line":143}},"branchMap":{"0":{"loc":{"start":{"line":33,"column":8},"end":{"line":61,"column":9}},"type":"if","locations":[{"start":{"line":33,"column":8},"end":{"line":61,"column":9}},{"start":{"line":37,"column":13},"end":{"line":61,"column":9}}],"line":33},"1":{"loc":{"start":{"line":90,"column":7},"end":{"line":151,"column":33}},"type":"cond-expr","locations":[{"start":{"line":91,"column":8},"end":{"line":150,"column":15}},{"start":{"line":151,"column":10},"end":{"line":151,"column":33}}],"line":90}},"s":{"0":0,"1":0,"2":0,"3":0,"4":0,"5":0,"6":0,"7":0,"8":0,"9":0,"10":0,"11":0,"12":0,"13":0,"14":0,"15":0,"16":0,"17":0,"18":0,"19":0,"20":0,"21":0,"22":0,"23":0,"24":0},"f":{"0":0,"1":0,"2":0,"3":0,"4":0,"5":0,"6":0,"7":0,"8":0,"9":0},"b":{"0":[0,0],"1":[0,0]},"_coverageSchema":"1a1c01bbd47fc00a2c39e90264f33305004495a9","hash":"cae31a48179ac3328d3e666ac4a98c5c8cbe29bc"}
,"/home/josh/Code/thesauce/client/components/VerificationCode.jsx": {"path":"/home/josh/Code/thesauce/client/components/VerificationCode.jsx","statementMap":{"0":{"start":{"line":7,"column":28},"end":{"line":7,"column":42}},"1":{"start":{"line":9,"column":4},"end":{"line":58,"column":5}},"2":{"start":{"line":44,"column":48},"end":{"line":44,"column":62}}},"fnMap":{"0":{"name":"VerificationCode","decl":{"start":{"line":6,"column":24},"end":{"line":6,"column":40}},"loc":{"start":{"line":6,"column":49},"end":{"line":59,"column":1}},"line":6},"1":{"name":"(anonymous_1)","decl":{"start":{"line":43,"column":53},"end":{"line":43,"column":54}},"loc":{"start":{"line":43,"column":59},"end":{"line":45,"column":45}},"line":43}},"branchMap":{},"s":{"0":0,"1":0,"2":0},"f":{"0":0,"1":0},"b":{},"_coverageSchema":"1a1c01bbd47fc00a2c39e90264f33305004495a9","hash":"8b2c3aeab9593529abfaf3cda991bdcf749b7ac0"}
,"/home/josh/Code/thesauce/client/components/login.jsx": {"path":"/home/josh/Code/thesauce/client/components/login.jsx","statementMap":{"0":{"start":{"line":23,"column":17},"end":{"line":23,"column":91}},"1":{"start":{"line":26,"column":34},"end":{"line":26,"column":49}},"2":{"start":{"line":27,"column":28},"end":{"line":27,"column":43}},"3":{"start":{"line":28,"column":30},"end":{"line":28,"column":42}},"4":{"start":{"line":29,"column":38},"end":{"line":29,"column":50}},"5":{"start":{"line":30,"column":36},"end":{"line":30,"column":48}},"6":{"start":{"line":31,"column":31},"end":{"line":31,"column":43}},"7":{"start":{"line":32,"column":21},"end":{"line":32,"column":23}},"8":{"start":{"line":36,"column":4},"end":{"line":43,"column":6}},"9":{"start":{"line":37,"column":27},"end":{"line":42,"column":9}},"10":{"start":{"line":38,"column":12},"end":{"line":41,"column":14}},"11":{"start":{"line":45,"column":22},"end":{"line":66,"column":5}},"12":{"start":{"line":46,"column":8},"end":{"line":46,"column":41}},"13":{"start":{"line":48,"column":8},"end":{"line":48,"column":45}},"14":{"start":{"line":49,"column":8},"end":{"line":49,"column":39}},"15":{"start":{"line":51,"column":8},"end":{"line":51,"column":47}},"16":{"start":{"line":53,"column":8},"end":{"line":53,"column":47}},"17":{"start":{"line":55,"column":8},"end":{"line":55,"column":40}},"18":{"start":{"line":60,"column":8},"end":{"line":65,"column":34}},"19":{"start":{"line":62,"column":16},"end":{"line":62,"column":61}},"20":{"start":{"line":62,"column":47},"end":{"line":62,"column":61}},"21":{"start":{"line":63,"column":16},"end":{"line":63,"column":37}},"22":{"start":{"line":69,"column":22},"end":{"line":71,"column":5}},"23":{"start":{"line":72,"column":19},"end":{"line":72,"column":21}},"24":{"start":{"line":73,"column":4},"end":{"line":84,"column":5}},"25":{"start":{"line":74,"column":8},"end":{"line":83,"column":11}},"26":{"start":{"line":86,"column":4},"end":{"line":109,"column":5}}},"fnMap":{"0":{"name":"LoginButton","decl":{"start":{"line":25,"column":9},"end":{"line":25,"column":20}},"loc":{"start":{"line":25,"column":28},"end":{"line":110,"column":1}},"line":25},"1":{"name":"(anonymous_1)","decl":{"start":{"line":36,"column":14},"end":{"line":36,"column":15}},"loc":{"start":{"line":36,"column":20},"end":{"line":43,"column":5}},"line":36},"2":{"name":"(anonymous_2)","decl":{"start":{"line":37,"column":27},"end":{"line":37,"column":28}},"loc":{"start":{"line":37,"column":33},"end":{"line":42,"column":9}},"line":37},"3":{"name":"(anonymous_3)","decl":{"start":{"line":45,"column":22},"end":{"line":45,"column":23}},"loc":{"start":{"line":45,"column":31},"end":{"line":66,"column":5}},"line":45},"4":{"name":"(anonymous_4)","decl":{"start":{"line":61,"column":18},"end":{"line":61,"column":19}},"loc":{"start":{"line":61,"column":32},"end":{"line":64,"column":13}},"line":61},"5":{"name":"(anonymous_5)","decl":{"start":{"line":69,"column":22},"end":{"line":69,"column":23}},"loc":{"start":{"line":69,"column":31},"end":{"line":71,"column":5}},"line":69}},"branchMap":{"0":{"loc":{"start":{"line":62,"column":16},"end":{"line":62,"column":61}},"type":"if","locations":[{"start":{"line":62,"column":16},"end":{"line":62,"column":61}},{"start":{},"end":{}}],"line":62},"1":{"loc":{"start":{"line":73,"column":4},"end":{"line":84,"column":5}},"type":"if","locations":[{"start":{"line":73,"column":4},"end":{"line":84,"column":5}},{"start":{},"end":{}}],"line":73},"2":{"loc":{"start":{"line":90,"column":13},"end":{"line":105,"column":18}},"type":"cond-expr","locations":[{"start":{"line":91,"column":16},"end":{"line":102,"column":22}},{"start":{"line":104,"column":16},"end":{"line":105,"column":18}}],"line":90}},"s":{"0":1,"1":0,"2":0,"3":0,"4":0,"5":0,"6":0,"7":0,"8":0,"9":0,"10":0,"11":0,"12":0,"13":0,"14":0,"15":0,"16":0,"17":0,"18":0,"19":0,"20":0,"21":0,"22":0,"23":0,"24":0,"25":0,"26":0},"f":{"0":0,"1":0,"2":0,"3":0,"4":0,"5":0},"b":{"0":[0,0],"1":[0,0],"2":[0,0]},"_coverageSchema":"1a1c01bbd47fc00a2c39e90264f33305004495a9","hash":"4ea6ba17140862b348b95f8487c1bdc163da5735"}
,"/home/josh/Code/thesauce/client/components/useSortableData.jsx": {"path":"/home/josh/Code/thesauce/client/components/useSortableData.jsx","statementMap":{"0":{"start":{"line":4,"column":40},"end":{"line":4,"column":56}},"1":{"start":{"line":6,"column":24},"end":{"line":20,"column":27}},"2":{"start":{"line":7,"column":28},"end":{"line":7,"column":38}},"3":{"start":{"line":8,"column":8},"end":{"line":18,"column":9}},"4":{"start":{"line":9,"column":12},"end":{"line":17,"column":15}},"5":{"start":{"line":10,"column":16},"end":{"line":12,"column":17}},"6":{"start":{"line":11,"column":20},"end":{"line":11,"column":73}},"7":{"start":{"line":13,"column":16},"end":{"line":15,"column":17}},"8":{"start":{"line":14,"column":20},"end":{"line":14,"column":73}},"9":{"start":{"line":16,"column":16},"end":{"line":16,"column":25}},"10":{"start":{"line":19,"column":8},"end":{"line":19,"column":29}},"11":{"start":{"line":22,"column":24},"end":{"line":28,"column":5}},"12":{"start":{"line":23,"column":24},"end":{"line":23,"column":35}},"13":{"start":{"line":24,"column":8},"end":{"line":26,"column":9}},"14":{"start":{"line":25,"column":12},"end":{"line":25,"column":37}},"15":{"start":{"line":27,"column":8},"end":{"line":27,"column":42}},"16":{"start":{"line":30,"column":4},"end":{"line":30,"column":65}}},"fnMap":{"0":{"name":"useSortableData","decl":{"start":{"line":3,"column":24},"end":{"line":3,"column":39}},"loc":{"start":{"line":3,"column":62},"end":{"line":31,"column":1}},"line":3},"1":{"name":"(anonymous_1)","decl":{"start":{"line":6,"column":32},"end":{"line":6,"column":33}},"loc":{"start":{"line":6,"column":38},"end":{"line":20,"column":5}},"line":6},"2":{"name":"(anonymous_2)","decl":{"start":{"line":9,"column":31},"end":{"line":9,"column":32}},"loc":{"start":{"line":9,"column":41},"end":{"line":17,"column":13}},"line":9},"3":{"name":"(anonymous_3)","decl":{"start":{"line":22,"column":24},"end":{"line":22,"column":25}},"loc":{"start":{"line":22,"column":31},"end":{"line":28,"column":5}},"line":22}},"branchMap":{"0":{"loc":{"start":{"line":3,"column":47},"end":{"line":3,"column":60}},"type":"default-arg","locations":[{"start":{"line":3,"column":56},"end":{"line":3,"column":60}}],"line":3},"1":{"loc":{"start":{"line":8,"column":8},"end":{"line":18,"column":9}},"type":"if","locations":[{"start":{"line":8,"column":8},"end":{"line":18,"column":9}},{"start":{},"end":{}}],"line":8},"2":{"loc":{"start":{"line":10,"column":16},"end":{"line":12,"column":17}},"type":"if","locations":[{"start":{"line":10,"column":16},"end":{"line":12,"column":17}},{"start":{},"end":{}}],"line":10},"3":{"loc":{"start":{"line":11,"column":27},"end":{"line":11,"column":72}},"type":"cond-expr","locations":[{"start":{"line":11,"column":66},"end":{"line":11,"column":68}},{"start":{"line":11,"column":71},"end":{"line":11,"column":72}}],"line":11},"4":{"loc":{"start":{"line":13,"column":16},"end":{"line":15,"column":17}},"type":"if","locations":[{"start":{"line":13,"column":16},"end":{"line":15,"column":17}},{"start":{},"end":{}}],"line":13},"5":{"loc":{"start":{"line":14,"column":27},"end":{"line":14,"column":72}},"type":"cond-expr","locations":[{"start":{"line":14,"column":66},"end":{"line":14,"column":67}},{"start":{"line":14,"column":70},"end":{"line":14,"column":72}}],"line":14},"6":{"loc":{"start":{"line":24,"column":8},"end":{"line":26,"column":9}},"type":"if","locations":[{"start":{"line":24,"column":8},"end":{"line":26,"column":9}},{"start":{},"end":{}}],"line":24},"7":{"loc":{"start":{"line":24,"column":12},"end":{"line":24,"column":88}},"type":"binary-expr","locations":[{"start":{"line":24,"column":12},"end":{"line":24,"column":22}},{"start":{"line":24,"column":26},"end":{"line":24,"column":48}},{"start":{"line":24,"column":52},"end":{"line":24,"column":88}}],"line":24}},"s":{"0":0,"1":0,"2":0,"3":0,"4":0,"5":0,"6":0,"7":0,"8":0,"9":0,"10":0,"11":0,"12":0,"13":0,"14":0,"15":0,"16":0},"f":{"0":0,"1":0,"2":0,"3":0},"b":{"0":[0],"1":[0,0],"2":[0,0],"3":[0,0],"4":[0,0],"5":[0,0],"6":[0,0],"7":[0,0,0]},"_coverageSchema":"1a1c01bbd47fc00a2c39e90264f33305004495a9","hash":"8c54276bdbed8d62ebab243aef51b4e38413d28b"}
,"/home/josh/Code/thesauce/client/components/usertable.jsx": {"path":"/home/josh/Code/thesauce/client/components/usertable.jsx","statementMap":{"0":{"start":{"line":17,"column":16},"end":{"line":17,"column":59}},"1":{"start":{"line":17,"column":23},"end":{"line":17,"column":59}},"2":{"start":{"line":17,"column":50},"end":{"line":17,"column":58}},"3":{"start":{"line":20,"column":28},"end":{"line":20,"column":58}},"4":{"start":{"line":21,"column":52},"end":{"line":21,"column":67}},"5":{"start":{"line":22,"column":52},"end":{"line":22,"column":64}},"6":{"start":{"line":23,"column":32},"end":{"line":23,"column":47}},"7":{"start":{"line":24,"column":32},"end":{"line":24,"column":47}},"8":{"start":{"line":25,"column":18},"end":{"line":25,"column":28}},"9":{"start":{"line":26,"column":53},"end":{"line":26,"column":75}},"10":{"start":{"line":29,"column":8},"end":{"line":29,"column":27}},"11":{"start":{"line":32,"column":21},"end":{"line":32,"column":23}},"12":{"start":{"line":33,"column":4},"end":{"line":39,"column":5}},"13":{"start":{"line":34,"column":8},"end":{"line":38,"column":11}},"14":{"start":{"line":42,"column":8},"end":{"line":48,"column":9}},"15":{"start":{"line":43,"column":12},"end":{"line":46,"column":18}},"16":{"start":{"line":45,"column":20},"end":{"line":45,"column":50}},"17":{"start":{"line":47,"column":12},"end":{"line":47,"column":27}},"18":{"start":{"line":49,"column":8},"end":{"line":49,"column":47}},"19":{"start":{"line":52,"column":29},"end":{"line":61,"column":5}},"20":{"start":{"line":53,"column":8},"end":{"line":55,"column":9}},"21":{"start":{"line":54,"column":12},"end":{"line":54,"column":107}},"22":{"start":{"line":56,"column":8},"end":{"line":60,"column":9}},"23":{"start":{"line":57,"column":12},"end":{"line":57,"column":221}},"24":{"start":{"line":59,"column":12},"end":{"line":59,"column":108}},"25":{"start":{"line":63,"column":4},"end":{"line":212,"column":5}},"26":{"start":{"line":76,"column":39},"end":{"line":76,"column":63}},"27":{"start":{"line":97,"column":154},"end":{"line":97,"column":179}},"28":{"start":{"line":105,"column":141},"end":{"line":105,"column":166}},"29":{"start":{"line":113,"column":141},"end":{"line":113,"column":160}},"30":{"start":{"line":121,"column":141},"end":{"line":121,"column":170}},"31":{"start":{"line":129,"column":141},"end":{"line":129,"column":164}},"32":{"start":{"line":137,"column":141},"end":{"line":137,"column":164}},"33":{"start":{"line":145,"column":141},"end":{"line":145,"column":162}},"34":{"start":{"line":162,"column":40},"end":{"line":202,"column":45}}},"fnMap":{"0":{"name":"(anonymous_0)","decl":{"start":{"line":17,"column":16},"end":{"line":17,"column":17}},"loc":{"start":{"line":17,"column":23},"end":{"line":17,"column":59}},"line":17},"1":{"name":"(anonymous_1)","decl":{"start":{"line":17,"column":43},"end":{"line":17,"column":44}},"loc":{"start":{"line":17,"column":50},"end":{"line":17,"column":58}},"line":17},"2":{"name":"UserTable","decl":{"start":{"line":19,"column":24},"end":{"line":19,"column":33}},"loc":{"start":{"line":19,"column":36},"end":{"line":213,"column":1}},"line":19},"3":{"name":"handleClickToLogout","decl":{"start":{"line":28,"column":13},"end":{"line":28,"column":32}},"loc":{"start":{"line":28,"column":35},"end":{"line":30,"column":5}},"line":28},"4":{"name":"handleShowVerification","decl":{"start":{"line":41,"column":13},"end":{"line":41,"column":35}},"loc":{"start":{"line":41,"column":38},"end":{"line":50,"column":5}},"line":41},"5":{"name":"(anonymous_5)","decl":{"start":{"line":44,"column":22},"end":{"line":44,"column":23}},"loc":{"start":{"line":44,"column":32},"end":{"line":46,"column":17}},"line":44},"6":{"name":"(anonymous_6)","decl":{"start":{"line":52,"column":29},"end":{"line":52,"column":30}},"loc":{"start":{"line":52,"column":39},"end":{"line":61,"column":5}},"line":52},"7":{"name":"(anonymous_7)","decl":{"start":{"line":76,"column":33},"end":{"line":76,"column":34}},"loc":{"start":{"line":76,"column":39},"end":{"line":76,"column":63}},"line":76},"8":{"name":"(anonymous_8)","decl":{"start":{"line":97,"column":148},"end":{"line":97,"column":149}},"loc":{"start":{"line":97,"column":154},"end":{"line":97,"column":179}},"line":97},"9":{"name":"(anonymous_9)","decl":{"start":{"line":105,"column":135},"end":{"line":105,"column":136}},"loc":{"start":{"line":105,"column":141},"end":{"line":105,"column":166}},"line":105},"10":{"name":"(anonymous_10)","decl":{"start":{"line":113,"column":135},"end":{"line":113,"column":136}},"loc":{"start":{"line":113,"column":141},"end":{"line":113,"column":160}},"line":113},"11":{"name":"(anonymous_11)","decl":{"start":{"line":121,"column":135},"end":{"line":121,"column":136}},"loc":{"start":{"line":121,"column":141},"end":{"line":121,"column":170}},"line":121},"12":{"name":"(anonymous_12)","decl":{"start":{"line":129,"column":135},"end":{"line":129,"column":136}},"loc":{"start":{"line":129,"column":141},"end":{"line":129,"column":164}},"line":129},"13":{"name":"(anonymous_13)","decl":{"start":{"line":137,"column":135},"end":{"line":137,"column":136}},"loc":{"start":{"line":137,"column":141},"end":{"line":137,"column":164}},"line":137},"14":{"name":"(anonymous_14)","decl":{"start":{"line":145,"column":135},"end":{"line":145,"column":136}},"loc":{"start":{"line":145,"column":141},"end":{"line":145,"column":162}},"line":145},"15":{"name":"(anonymous_15)","decl":{"start":{"line":161,"column":53},"end":{"line":161,"column":54}},"loc":{"start":{"line":162,"column":40},"end":{"line":202,"column":45}},"line":162}},"branchMap":{"0":{"loc":{"start":{"line":25,"column":18},"end":{"line":25,"column":28}},"type":"binary-expr","locations":[{"start":{"line":25,"column":18},"end":{"line":25,"column":22}},{"start":{"line":25,"column":26},"end":{"line":25,"column":28}}],"line":25},"1":{"loc":{"start":{"line":33,"column":4},"end":{"line":39,"column":5}},"type":"if","locations":[{"start":{"line":33,"column":4},"end":{"line":39,"column":5}},{"start":{},"end":{}}],"line":33},"2":{"loc":{"start":{"line":42,"column":8},"end":{"line":48,"column":9}},"type":"if","locations":[{"start":{"line":42,"column":8},"end":{"line":48,"column":9}},{"start":{},"end":{}}],"line":42},"3":{"loc":{"start":{"line":53,"column":8},"end":{"line":55,"column":9}},"type":"if","locations":[{"start":{"line":53,"column":8},"end":{"line":55,"column":9}},{"start":{},"end":{}}],"line":53},"4":{"loc":{"start":{"line":56,"column":8},"end":{"line":60,"column":9}},"type":"if","locations":[{"start":{"line":56,"column":8},"end":{"line":60,"column":9}},{"start":{"line":58,"column":15},"end":{"line":60,"column":9}}],"line":56},"5":{"loc":{"start":{"line":57,"column":19},"end":{"line":57,"column":221}},"type":"cond-expr","locations":[{"start":{"line":57,"column":58},"end":{"line":57,"column":132}},{"start":{"line":57,"column":135},"end":{"line":57,"column":221}}],"line":57},"6":{"loc":{"start":{"line":65,"column":13},"end":{"line":65,"column":77}},"type":"binary-expr","locations":[{"start":{"line":65,"column":13},"end":{"line":65,"column":29}},{"start":{"line":65,"column":33},"end":{"line":65,"column":77}}],"line":65},"7":{"loc":{"start":{"line":170,"column":88},"end":{"line":170,"column":139}},"type":"cond-expr","locations":[{"start":{"line":170,"column":105},"end":{"line":170,"column":115}},{"start":{"line":170,"column":118},"end":{"line":170,"column":139}}],"line":170},"8":{"loc":{"start":{"line":179,"column":45},"end":{"line":183,"column":49}},"type":"binary-expr","locations":[{"start":{"line":179,"column":45},"end":{"line":179,"column":63}},{"start":{"line":179,"column":67},"end":{"line":183,"column":49}}],"line":179},"9":{"loc":{"start":{"line":184,"column":45},"end":{"line":188,"column":49}},"type":"binary-expr","locations":[{"start":{"line":184,"column":45},"end":{"line":184,"column":58}},{"start":{"line":184,"column":62},"end":{"line":188,"column":49}}],"line":184},"10":{"loc":{"start":{"line":189,"column":45},"end":{"line":193,"column":49}},"type":"binary-expr","locations":[{"start":{"line":189,"column":45},"end":{"line":189,"column":59}},{"start":{"line":189,"column":63},"end":{"line":193,"column":49}}],"line":189},"11":{"loc":{"start":{"line":195,"column":45},"end":{"line":195,"column":154}},"type":"binary-expr","locations":[{"start":{"line":195,"column":45},"end":{"line":195,"column":60}},{"start":{"line":195,"column":64},"end":{"line":195,"column":154}}],"line":195},"12":{"loc":{"start":{"line":196,"column":45},"end":{"line":196,"column":147}},"type":"binary-expr","locations":[{"start":{"line":196,"column":45},"end":{"line":196,"column":61}},{"start":{"line":196,"column":65},"end":{"line":196,"column":147}}],"line":196},"13":{"loc":{"start":{"line":198,"column":49},"end":{"line":200,"column":52}},"type":"binary-expr","locations":[{"start":{"line":198,"column":49},"end":{"line":198,"column":62}},{"start":{"line":198,"column":66},"end":{"line":200,"column":52}}],"line":198}},"s":{"0":1,"1":0,"2":0,"3":0,"4":0,"5":0,"6":0,"7":0,"8":0,"9":0,"10":0,"11":0,"12":0,"13":0,"14":0,"15":0,"16":0,"17":0,"18":0,"19":0,"20":0,"21":0,"22":0,"23":0,"24":0,"25":0,"26":0,"27":0,"28":0,"29":0,"30":0,"31":0,"32":0,"33":0,"34":0},"f":{"0":0,"1":0,"2":0,"3":0,"4":0,"5":0,"6":0,"7":0,"8":0,"9":0,"10":0,"11":0,"12":0,"13":0,"14":0,"15":0},"b":{"0":[0,0],"1":[0,0],"2":[0,0],"3":[0,0],"4":[0,0],"5":[0,0],"6":[0,0],"7":[0,0],"8":[0,0],"9":[0,0],"10":[0,0],"11":[0,0],"12":[0,0],"13":[0,0]},"_coverageSchema":"1a1c01bbd47fc00a2c39e90264f33305004495a9","hash":"6e64c04c468a9d21ebf4aa3b54148ab450096f63"}
}
